Started by GitHub push by jani1502
Running as SYSTEM
Building on master in workspace /var/lib/jenkins/workspace/sprint3
[WS-CLEANUP] Deleting project workspace...
[WS-CLEANUP] Deferred wipeout is used...
No credentials specified
Cloning the remote Git repository
Cloning repository https://github.com/jani1502/src_withbranches.git
 > git init /var/lib/jenkins/workspace/sprint3 # timeout=10
Fetching upstream changes from https://github.com/jani1502/src_withbranches.git
 > git --version # timeout=10
 > git fetch --tags --progress https://github.com/jani1502/src_withbranches.git +refs/heads/*:refs/remotes/origin/*
 > git config remote.origin.url https://github.com/jani1502/src_withbranches.git # timeout=10
 > git config --add remote.origin.fetch +refs/heads/*:refs/remotes/origin/* # timeout=10
 > git config remote.origin.url https://github.com/jani1502/src_withbranches.git # timeout=10
Fetching upstream changes from https://github.com/jani1502/src_withbranches.git
 > git fetch --tags --progress https://github.com/jani1502/src_withbranches.git +refs/heads/*:refs/remotes/origin/*
 > git rev-parse refs/remotes/origin/SPRINT3^{commit} # timeout=10
 > git rev-parse refs/remotes/origin/origin/SPRINT3^{commit} # timeout=10
Checking out Revision b9efc25bee8e78c27f2784f548af52397a22c5b1 (refs/remotes/origin/SPRINT3)
 > git config core.sparsecheckout # timeout=10
 > git checkout -f b9efc25bee8e78c27f2784f548af52397a22c5b1
Commit message: "ahj"
First time build. Skipping changelog.
[sprint3] $ mvn clean install
[INFO] Scanning for projects...
[8mha:////4Pj1S5/k+foBngZNZZ5Pwqs3mekfmiWedq3EMSdW2M0BAAAAYB+LCAAAAAAAAP9b85aBtbiIQSmjNKU4P0+vJLE4u1gvPjexLDVPzxdEuhYV5Rf55ZekOlc7RKnPKH7IxMBQUcQgBdWQnJ9XnJ+TqucMoUEKGSCAEaSwAACsNFCqYAAAAA==[0m[ERROR] [ERROR] Some problems were encountered while processing the POMs:
[FATAL] Non-resolvable parent POM for com.example.maven-project:webapp:[unknown-version]: Could not find artifact com.example.maven-project:maven-project:pom:1.0-SNAPSHOT and 'parent.relativePath' points at wrong local POM @ line 6, column 11
 @ 
[8mha:////4Pj1S5/k+foBngZNZZ5Pwqs3mekfmiWedq3EMSdW2M0BAAAAYB+LCAAAAAAAAP9b85aBtbiIQSmjNKU4P0+vJLE4u1gvPjexLDVPzxdEuhYV5Rf55ZekOlc7RKnPKH7IxMBQUcQgBdWQnJ9XnJ+TqucMoUEKGSCAEaSwAACsNFCqYAAAAA==[0m[ERROR] The build could not read 1 project -> [Help 1]
[8mha:////4Pj1S5/k+foBngZNZZ5Pwqs3mekfmiWedq3EMSdW2M0BAAAAYB+LCAAAAAAAAP9b85aBtbiIQSmjNKU4P0+vJLE4u1gvPjexLDVPzxdEuhYV5Rf55ZekOlc7RKnPKH7IxMBQUcQgBdWQnJ9XnJ+TqucMoUEKGSCAEaSwAACsNFCqYAAAAA==[0m[ERROR]   
[8mha:////4Pj1S5/k+foBngZNZZ5Pwqs3mekfmiWedq3EMSdW2M0BAAAAYB+LCAAAAAAAAP9b85aBtbiIQSmjNKU4P0+vJLE4u1gvPjexLDVPzxdEuhYV5Rf55ZekOlc7RKnPKH7IxMBQUcQgBdWQnJ9XnJ+TqucMoUEKGSCAEaSwAACsNFCqYAAAAA==[0m[ERROR]   The project com.example.maven-project:webapp:[unknown-version] (/var/lib/jenkins/workspace/sprint3/pom.xml) has 1 error
[8mha:////4Pj1S5/k+foBngZNZZ5Pwqs3mekfmiWedq3EMSdW2M0BAAAAYB+LCAAAAAAAAP9b85aBtbiIQSmjNKU4P0+vJLE4u1gvPjexLDVPzxdEuhYV5Rf55ZekOlc7RKnPKH7IxMBQUcQgBdWQnJ9XnJ+TqucMoUEKGSCAEaSwAACsNFCqYAAAAA==[0m[ERROR]     Non-resolvable parent POM for com.example.maven-project:webapp:[unknown-version]: Could not find artifact com.example.maven-project:maven-project:pom:1.0-SNAPSHOT and 'parent.relativePath' points at wrong local POM @ line 6, column 11 -> [Help 2]
[8mha:////4Pj1S5/k+foBngZNZZ5Pwqs3mekfmiWedq3EMSdW2M0BAAAAYB+LCAAAAAAAAP9b85aBtbiIQSmjNKU4P0+vJLE4u1gvPjexLDVPzxdEuhYV5Rf55ZekOlc7RKnPKH7IxMBQUcQgBdWQnJ9XnJ+TqucMoUEKGSCAEaSwAACsNFCqYAAAAA==[0m[ERROR] 
[8mha:////4Pj1S5/k+foBngZNZZ5Pwqs3mekfmiWedq3EMSdW2M0BAAAAYB+LCAAAAAAAAP9b85aBtbiIQSmjNKU4P0+vJLE4u1gvPjexLDVPzxdEuhYV5Rf55ZekOlc7RKnPKH7IxMBQUcQgBdWQnJ9XnJ+TqucMoUEKGSCAEaSwAACsNFCqYAAAAA==[0m[ERROR] To see the full stack trace of the errors, re-run Maven with the -e switch.
[8mha:////4Pj1S5/k+foBngZNZZ5Pwqs3mekfmiWedq3EMSdW2M0BAAAAYB+LCAAAAAAAAP9b85aBtbiIQSmjNKU4P0+vJLE4u1gvPjexLDVPzxdEuhYV5Rf55ZekOlc7RKnPKH7IxMBQUcQgBdWQnJ9XnJ+TqucMoUEKGSCAEaSwAACsNFCqYAAAAA==[0m[ERROR] Re-run Maven using the -X switch to enable full debug logging.
[8mha:////4Pj1S5/k+foBngZNZZ5Pwqs3mekfmiWedq3EMSdW2M0BAAAAYB+LCAAAAAAAAP9b85aBtbiIQSmjNKU4P0+vJLE4u1gvPjexLDVPzxdEuhYV5Rf55ZekOlc7RKnPKH7IxMBQUcQgBdWQnJ9XnJ+TqucMoUEKGSCAEaSwAACsNFCqYAAAAA==[0m[ERROR] 
[8mha:////4Pj1S5/k+foBngZNZZ5Pwqs3mekfmiWedq3EMSdW2M0BAAAAYB+LCAAAAAAAAP9b85aBtbiIQSmjNKU4P0+vJLE4u1gvPjexLDVPzxdEuhYV5Rf55ZekOlc7RKnPKH7IxMBQUcQgBdWQnJ9XnJ+TqucMoUEKGSCAEaSwAACsNFCqYAAAAA==[0m[ERROR] For more information about the errors and possible solutions, please read the following articles:
[8mha:////4Pj1S5/k+foBngZNZZ5Pwqs3mekfmiWedq3EMSdW2M0BAAAAYB+LCAAAAAAAAP9b85aBtbiIQSmjNKU4P0+vJLE4u1gvPjexLDVPzxdEuhYV5Rf55ZekOlc7RKnPKH7IxMBQUcQgBdWQnJ9XnJ+TqucMoUEKGSCAEaSwAACsNFCqYAAAAA==[0m[ERROR] [Help 1] http://cwiki.apache.org/confluence/display/MAVEN/ProjectBuildingException
[8mha:////4Pj1S5/k+foBngZNZZ5Pwqs3mekfmiWedq3EMSdW2M0BAAAAYB+LCAAAAAAAAP9b85aBtbiIQSmjNKU4P0+vJLE4u1gvPjexLDVPzxdEuhYV5Rf55ZekOlc7RKnPKH7IxMBQUcQgBdWQnJ9XnJ+TqucMoUEKGSCAEaSwAACsNFCqYAAAAA==[0m[ERROR] [Help 2] http://cwiki.apache.org/confluence/display/MAVEN/UnresolvableModelException
Build step 'Invoke top-level Maven targets' marked build as failure
Finished: FAILURE
