Started by user [8mha:////4MHfU9xnJk0TgBN1NRm7l/3mu30lymz2z/ypgvOlQqffAAAAlx+LCAAAAAAAAP9b85aBtbiIQTGjNKU4P08vOT+vOD8nVc83PyU1x6OyILUoJzMv2y+/JJUBAhiZGBgqihhk0NSjKDWzXb3RdlLBUSYGJk8GtpzUvPSSDB8G5tKinBIGIZ+sxLJE/ZzEvHT94JKizLx0a6BxUmjGOUNodHsLgAyWEgZu/dLi1CL9xJTczDwAZ3pnlMAAAAA=[0mjani
Running as SYSTEM
Building remotely on [8mha:////4L8zriXMW/yHHh1KChGlzyLZbpSGe6BrTMgiX08DlqPDAAAAmx+LCAAAAAAAAP9b85aBtbiIQTGjNKU4P08vOT+vOD8nVc83PyU1x6OyILUoJzMv2y+/JJUBAhiZGBgqihhk0NSjKDWzXb3RdlLBUSYGJk8GtpzUvPSSDB8G5tKinBIGIZ+sxLJE/ZzEvHT94JKizLx0a6BxUmjGOUNodHsLgAy2EgYB/eT83ILSktQi/dzKPKBLASShNV3FAAAA[0mmynode (mylabel) in workspace /home/jenkins/workspace/tominstall
[tominstall] $ ansible-playbook /home/jenkins/tominstall.yml -i /home/jenkins/myhost -f 5

PLAY [all] *********************************************************************

TASK [Gathering Facts] *********************************************************
ok: [172.31.18.168]

TASK [myrole : install tomcat all nodes] ***************************************
ok: [172.31.18.168]

TASK [myrole : copy tomcat7 file] **********************************************
ok: [172.31.18.168]

TASK [myrole : i want to install multiple packages] ****************************
failed: [172.31.18.168] (item=tomcat-webapps  -y) => {"ansible_loop_var": "item", "changed": false, "item": "tomcat-webapps  -y", "msg": "It appears that a space separated string of packages was passed in as an argument. To operate on several packages, pass a comma separated string of packages or a list of packages."}
failed: [172.31.18.168] (item=tomcat-admin-webapps -y) => {"ansible_loop_var": "item", "changed": false, "item": "tomcat-admin-webapps -y", "msg": "It appears that a space separated string of packages was passed in as an argument. To operate on several packages, pass a comma separated string of packages or a list of packages."}
failed: [172.31.18.168] (item=tomcat-docs-webapp -y) => {"ansible_loop_var": "item", "changed": false, "item": "tomcat-docs-webapp -y", "msg": "It appears that a space separated string of packages was passed in as an argument. To operate on several packages, pass a comma separated string of packages or a list of packages."}
failed: [172.31.18.168] (item=tomcat-javadoc -y) => {"ansible_loop_var": "item", "changed": false, "item": "tomcat-javadoc -y", "msg": "It appears that a space separated string of packages was passed in as an argument. To operate on several packages, pass a comma separated string of packages or a list of packages."}

PLAY RECAP *********************************************************************
172.31.18.168              : ok=3    changed=0    unreachable=0    failed=1    skipped=0    rescued=0    ignored=0   

FATAL: command execution failed
hudson.AbortException: Ansible playbook execution failed
	at org.jenkinsci.plugins.ansible.AnsiblePlaybookBuilder.perform(AnsiblePlaybookBuilder.java:262)
	at org.jenkinsci.plugins.ansible.AnsiblePlaybookBuilder.perform(AnsiblePlaybookBuilder.java:232)
	at hudson.tasks.BuildStepCompatibilityLayer.perform(BuildStepCompatibilityLayer.java:79)
	at hudson.tasks.BuildStepMonitor$1.perform(BuildStepMonitor.java:20)
	at hudson.model.AbstractBuild$AbstractBuildExecution.perform(AbstractBuild.java:741)
	at hudson.model.Build$BuildExecution.build(Build.java:206)
	at hudson.model.Build$BuildExecution.doRun(Build.java:163)
	at hudson.model.AbstractBuild$AbstractBuildExecution.run(AbstractBuild.java:504)
	at hudson.model.Run.execute(Run.java:1818)
	at hudson.model.FreeStyleBuild.run(FreeStyleBuild.java:43)
	at hudson.model.ResourceController.execute(ResourceController.java:97)
	at hudson.model.Executor.run(Executor.java:429)
ERROR: Ansible playbook execution failed
Finished: FAILURE
