Started by GitHub push by jani1502
Running as SYSTEM
Building remotely on [8mha:////4L8zriXMW/yHHh1KChGlzyLZbpSGe6BrTMgiX08DlqPDAAAAmx+LCAAAAAAAAP9b85aBtbiIQTGjNKU4P08vOT+vOD8nVc83PyU1x6OyILUoJzMv2y+/JJUBAhiZGBgqihhk0NSjKDWzXb3RdlLBUSYGJk8GtpzUvPSSDB8G5tKinBIGIZ+sxLJE/ZzEvHT94JKizLx0a6BxUmjGOUNodHsLgAy2EgYB/eT83ILSktQi/dzKPKBLASShNV3FAAAA[0mmynode (mylabel) in workspace /home/jenkins/workspace/lunch1
[WS-CLEANUP] Deleting project workspace...
[WS-CLEANUP] Deferred wipeout is used...
[WS-CLEANUP] Done
No credentials specified
Cloning the remote Git repository
Cloning repository https://github.com/jani1502/autoscaliing-withansible.git
 > git init /home/jenkins/workspace/lunch1 # timeout=10
Fetching upstream changes from https://github.com/jani1502/autoscaliing-withansible.git
 > git --version # timeout=10
 > git fetch --tags --progress https://github.com/jani1502/autoscaliing-withansible.git +refs/heads/*:refs/remotes/origin/*
 > git config remote.origin.url https://github.com/jani1502/autoscaliing-withansible.git # timeout=10
 > git config --add remote.origin.fetch +refs/heads/*:refs/remotes/origin/* # timeout=10
 > git config remote.origin.url https://github.com/jani1502/autoscaliing-withansible.git # timeout=10
Fetching upstream changes from https://github.com/jani1502/autoscaliing-withansible.git
 > git fetch --tags --progress https://github.com/jani1502/autoscaliing-withansible.git +refs/heads/*:refs/remotes/origin/*
 > git rev-parse refs/remotes/origin/master^{commit} # timeout=10
 > git rev-parse refs/remotes/origin/origin/master^{commit} # timeout=10
Checking out Revision 8eb26f1e66a9a75cf03e5285bee01f058e5437f8 (refs/remotes/origin/master)
 > git config core.sparsecheckout # timeout=10
 > git checkout -f 8eb26f1e66a9a75cf03e5285bee01f058e5437f8
Commit message: "sample"
First time build. Skipping changelog.
[lunch1] $ /bin/sh -xe /tmp/jenkins7585036446893194562.sh
+ cd /home/jenkins/workspace/lunch1/
+ ansible -playbook launchconfig.yml
Usage: ansible <host-pattern> [options]

ansible: error: no such option: -p
Build step 'Execute shell' marked build as failure
Finished: FAILURE
