Started by user [8mha:////4MHfU9xnJk0TgBN1NRm7l/3mu30lymz2z/ypgvOlQqffAAAAlx+LCAAAAAAAAP9b85aBtbiIQTGjNKU4P08vOT+vOD8nVc83PyU1x6OyILUoJzMv2y+/JJUBAhiZGBgqihhk0NSjKDWzXb3RdlLBUSYGJk8GtpzUvPSSDB8G5tKinBIGIZ+sxLJE/ZzEvHT94JKizLx0a6BxUmjGOUNodHsLgAyWEgZu/dLi1CL9xJTczDwAZ3pnlMAAAAA=[0mjani
Running as SYSTEM
Building remotely on [8mha:////4L8zriXMW/yHHh1KChGlzyLZbpSGe6BrTMgiX08DlqPDAAAAmx+LCAAAAAAAAP9b85aBtbiIQTGjNKU4P08vOT+vOD8nVc83PyU1x6OyILUoJzMv2y+/JJUBAhiZGBgqihhk0NSjKDWzXb3RdlLBUSYGJk8GtpzUvPSSDB8G5tKinBIGIZ+sxLJE/ZzEvHT94JKizLx0a6BxUmjGOUNodHsLgAy2EgYB/eT83ILSktQi/dzKPKBLASShNV3FAAAA[0mmynode (mylabel) in workspace /home/jenkins/workspace/apach
[apach] $ ansible-playbook /home/jenkins/temp.yml -i /home/jenkins/myhost -f 5

PLAY [all] *********************************************************************

TASK [Gathering Facts] *********************************************************
ok: [172.31.18.168]

TASK [i want to install apach2 server on all nodes] ****************************
changed: [172.31.18.168]

TASK [i want to create or copy file] *******************************************
fatal: [172.31.18.168]: FAILED! => {"changed": false, "msg": "AnsibleError: template error while templating string: Expected an expression, got 'end of print statement'. String: <h1>hi this is janaki</h1>\n<h1>thi os is: \"{{ansible_os_family}}\"</h1>\n<h1>this server ip: \"\"{{}}\"</h1>\n"}

PLAY RECAP *********************************************************************
172.31.18.168              : ok=2    changed=1    unreachable=0    failed=1    skipped=0    rescued=0    ignored=0   

FATAL: command execution failed
hudson.AbortException: Ansible playbook execution failed
	at org.jenkinsci.plugins.ansible.AnsiblePlaybookBuilder.perform(AnsiblePlaybookBuilder.java:262)
	at org.jenkinsci.plugins.ansible.AnsiblePlaybookBuilder.perform(AnsiblePlaybookBuilder.java:232)
	at hudson.tasks.BuildStepCompatibilityLayer.perform(BuildStepCompatibilityLayer.java:79)
	at hudson.tasks.BuildStepMonitor$1.perform(BuildStepMonitor.java:20)
	at hudson.model.AbstractBuild$AbstractBuildExecution.perform(AbstractBuild.java:741)
	at hudson.model.Build$BuildExecution.build(Build.java:206)
	at hudson.model.Build$BuildExecution.doRun(Build.java:163)
	at hudson.model.AbstractBuild$AbstractBuildExecution.run(AbstractBuild.java:504)
	at hudson.model.Run.execute(Run.java:1818)
	at hudson.model.FreeStyleBuild.run(FreeStyleBuild.java:43)
	at hudson.model.ResourceController.execute(ResourceController.java:97)
	at hudson.model.Executor.run(Executor.java:429)
ERROR: Ansible playbook execution failed
Finished: FAILURE
